TN:
SF:E:\train\web10\20210712autoTest\autotest\src\App.vue
FNF:0
FNH:0
DA:9,0
LF:1
LH:0
BRF:0
BRH:0
end_of_record
TN:
SF:E:\train\web10\20210712autoTest\autotest\src\main.js
FN:7,(anonymous_0)
FNF:1
FNH:0
FNDA:0,(anonymous_0)
DA:4,0
DA:6,0
DA:7,0
LF:3
LH:0
BRF:0
BRH:0
end_of_record
TN:
SF:E:\train\web10\20210712autoTest\autotest\src\components\Test.vue
FN:10,(anonymous_1)
FN:15,(anonymous_2)
FN:19,(anonymous_3)
FNF:3
FNH:3
FNDA:3,(anonymous_1)
FNDA:2,(anonymous_2)
FNDA:1,(anonymous_3)
DA:11,3
DA:16,2
DA:20,1
LF:3
LH:3
BRF:0
BRH:0
end_of_record
